# JRE version: Java(TM) SE Runtime Environment (8.0_31-b13) (build 1.8.0_31-b13)
# Java VM: Java HotSpot(TM) 64-Bit Server VM (25.31-b07 mixed mode windows-amd64 compressed oops)
Heap:
 PSYoungGen      total 144896K, used 41725K [0x00000000d5e00000, 0x00000000e4900000, 0x0000000100000000)
  eden space 133120K, 31% used [0x00000000d5e00000,0x00000000d86bf760,0x00000000de000000)
  from space 11776K, 0% used [0x00000000de000000,0x00000000de000000,0x00000000deb80000)
  to   space 15872K, 0% used [0x00000000e3980000,0x00000000e3980000,0x00000000e4900000)
 ParOldGen       total 93184K, used 27196K [0x0000000081a00000, 0x0000000087500000, 0x00000000d5e00000)
  object space 93184K, 29% used [0x0000000081a00000,0x000000008348f338,0x0000000087500000)
 Metaspace       used 37865K, capacity 38644K, committed 39080K, reserved 1083392K
  class space    used 4531K, capacity 4745K, committed 4776K, reserved 1048576K
GC Heap History (10 events):
Event: 4.676 GC heap before
{Heap before GC invocations=5 (full 0):
 PSYoungGen      total 71680K, used 71648K [0x00000000d5e00000, 0x00000000da900000, 0x0000000100000000)
  eden space 66560K, 100% used [0x00000000d5e00000,0x00000000d9f00000,0x00000000d9f00000)
  from space 5120K, 99% used [0x00000000da400000,0x00000000da8f8020,0x00000000da900000)
  to   space 5120K, 0% used [0x00000000d9f00000,0x00000000d9f00000,0x00000000da400000)
 ParOldGen       total 87552K, used 6939K [0x0000000081a00000, 0x0000000086f80000, 0x00000000d5e00000)
  object space 87552K, 7% used [0x0000000081a00000,0x00000000820c6ea0,0x0000000086f80000)
 Metaspace       used 19854K, capacity 20402K, committed 20736K, reserved 1067008K
  class space    used 2332K, capacity 2470K, committed 2560K, reserved 1048576K
Event: 4.695 GC heap after
Heap after GC invocations=5 (full 0):
 PSYoungGen      total 71680K, used 5104K [0x00000000d5e00000, 0x00000000df800000, 0x0000000100000000)
  eden space 66560K, 0% used [0x00000000d5e00000,0x00000000d5e00000,0x00000000d9f00000)
  from space 5120K, 99% used [0x00000000d9f00000,0x00000000da3fc010,0x00000000da400000)
  to   space 12288K, 0% used [0x00000000dec00000,0x00000000dec00000,0x00000000df800000)
 ParOldGen       total 87552K, used 13217K [0x0000000081a00000, 0x0000000086f80000, 0x00000000d5e00000)
  object space 87552K, 15% used [0x0000000081a00000,0x00000000826e85f0,0x0000000086f80000)
 Metaspace       used 19854K, capacity 20402K, committed 20736K, reserved 1067008K
  class space    used 2332K, capacity 2470K, committed 2560K, reserved 1048576K
}
Event: 4.915 GC heap before
{Heap before GC invocations=6 (full 0):
 PSYoungGen      total 71680K, used 11802K [0x00000000d5e00000, 0x00000000df800000, 0x0000000100000000)
  eden space 66560K, 10% used [0x00000000d5e00000,0x00000000d648aa58,0x00000000d9f00000)
  from space 5120K, 99% used [0x00000000d9f00000,0x00000000da3fc010,0x00000000da400000)
  to   space 12288K, 0% used [0x00000000dec00000,0x00000000dec00000,0x00000000df800000)
 ParOldGen       total 87552K, used 13217K [0x0000000081a00000, 0x0000000086f80000, 0x00000000d5e00000)
  object space 87552K, 15% used [0x0000000081a00000,0x00000000826e85f0,0x0000000086f80000)
 Metaspace       used 20565K, capacity 21162K, committed 21296K, reserved 1069056K
  class space    used 2410K, capacity 2571K, committed 2608K, reserved 1048576K
Event: 4.934 GC heap after
Heap after GC invocations=6 (full 0):
 PSYoungGen      total 144384K, used 6372K [0x00000000d5e00000, 0x00000000df700000, 0x0000000100000000)
  eden space 133120K, 0% used [0x00000000d5e00000,0x00000000d5e00000,0x00000000de000000)
  from space 11264K, 56% used [0x00000000dec00000,0x00000000df239180,0x00000000df700000)
  to   space 11776K, 0% used [0x00000000de000000,0x00000000de000000,0x00000000deb80000)
 ParOldGen       total 87552K, used 13217K [0x0000000081a00000, 0x0000000086f80000, 0x00000000d5e00000)
  object space 87552K, 15% used [0x0000000081a00000,0x00000000826e85f0,0x0000000086f80000)
 Metaspace       used 20565K, capacity 21162K, committed 21296K, reserved 1069056K
  class space    used 2410K, capacity 2571K, committed 2608K, reserved 1048576K
}
Event: 4.934 GC heap before
{Heap before GC invocations=7 (full 1):
 PSYoungGen      total 144384K, used 6372K [0x00000000d5e00000, 0x00000000df700000, 0x0000000100000000)
  eden space 133120K, 0% used [0x00000000d5e00000,0x00000000d5e00000,0x00000000de000000)
  from space 11264K, 56% used [0x00000000dec00000,0x00000000df239180,0x00000000df700000)
  to   space 11776K, 0% used [0x00000000de000000,0x00000000de000000,0x00000000deb80000)
 ParOldGen       total 87552K, used 13217K [0x0000000081a00000, 0x0000000086f80000, 0x00000000d5e00000)
  object space 87552K, 15% used [0x0000000081a00000,0x00000000826e85f0,0x0000000086f80000)
 Metaspace       used 20565K, capacity 21162K, committed 21296K, reserved 1069056K
  class space    used 2410K, capacity 2571K, committed 2608K, reserved 1048576K
Event: 5.018 GC heap after
Heap after GC invocations=7 (full 1):
 PSYoungGen      total 144384K, used 0K [0x00000000d5e00000, 0x00000000df700000, 0x0000000100000000)
  eden space 133120K, 0% used [0x00000000d5e00000,0x00000000d5e00000,0x00000000de000000)
  from space 11264K, 0% used [0x00000000dec00000,0x00000000dec00000,0x00000000df700000)
  to   space 11776K, 0% used [0x00000000de000000,0x00000000de000000,0x00000000deb80000)
 ParOldGen       total 67072K, used 15194K [0x0000000081a00000, 0x0000000085b80000, 0x00000000d5e00000)
  object space 67072K, 22% used [0x0000000081a00000,0x00000000828d6ae8,0x0000000085b80000)
 Metaspace       used 20565K, capacity 21162K, committed 21296K, reserved 1069056K
  class space    used 2410K, capacity 2571K, committed 2608K, reserved 1048576K
}
Event: 113.002 GC heap before
{Heap before GC invocations=8 (full 1):
 PSYoungGen      total 144384K, used 118511K [0x00000000d5e00000, 0x00000000df700000, 0x0000000100000000)
  eden space 133120K, 89% used [0x00000000d5e00000,0x00000000dd1bbf48,0x00000000de000000)
  from space 11264K, 0% used [0x00000000dec00000,0x00000000dec00000,0x00000000df700000)
  to   space 11776K, 0% used [0x00000000de000000,0x00000000de000000,0x00000000deb80000)
 ParOldGen       total 67072K, used 15194K [0x0000000081a00000, 0x0000000085b80000, 0x00000000d5e00000)
  object space 67072K, 22% used [0x0000000081a00000,0x00000000828d6ae8,0x0000000085b80000)
 Metaspace       used 34527K, capacity 35164K, committed 35496K, reserved 1081344K
  class space    used 4183K, capacity 4407K, committed 4520K, reserved 1048576K
Event: 113.026 GC heap after
Heap after GC invocations=8 (full 1):
 PSYoungGen      total 144896K, used 11748K [0x00000000d5e00000, 0x00000000e4900000, 0x0000000100000000)
  eden space 133120K, 0% used [0x00000000d5e00000,0x00000000d5e00000,0x00000000de000000)
  from space 11776K, 99% used [0x00000000de000000,0x00000000deb793c8,0x00000000deb80000)
  to   space 15872K, 0% used [0x00000000e3980000,0x00000000e3980000,0x00000000e4900000)
 ParOldGen       total 67072K, used 19381K [0x0000000081a00000, 0x0000000085b80000, 0x00000000d5e00000)
  object space 67072K, 28% used [0x0000000081a00000,0x0000000082ced7a8,0x0000000085b80000)
 Metaspace       used 34527K, capacity 35164K, committed 35496K, reserved 1081344K
  class space    used 4183K, capacity 4407K, committed 4520K, reserved 1048576K
}
Event: 113.026 GC heap before
{Heap before GC invocations=9 (full 2):
 PSYoungGen      total 144896K, used 11748K [0x00000000d5e00000, 0x00000000e4900000, 0x0000000100000000)
  eden space 133120K, 0% used [0x00000000d5e00000,0x00000000d5e00000,0x00000000de000000)
  from space 11776K, 99% used [0x00000000de000000,0x00000000deb793c8,0x00000000deb80000)
  to   space 15872K, 0% used [0x00000000e3980000,0x00000000e3980000,0x00000000e4900000)
 ParOldGen       total 67072K, used 19381K [0x0000000081a00000, 0x0000000085b80000, 0x00000000d5e00000)
  object space 67072K, 28% used [0x0000000081a00000,0x0000000082ced7a8,0x0000000085b80000)
 Metaspace       used 34527K, capacity 35164K, committed 35496K, reserved 1081344K
  class space    used 4183K, capacity 4407K, committed 4520K, reserved 1048576K
Event: 113.142 GC heap after
Heap after GC invocations=9 (full 2):
 PSYoungGen      total 144896K, used 0K [0x00000000d5e00000, 0x00000000e4900000, 0x0000000100000000)
  eden space 133120K, 0% used [0x00000000d5e00000,0x00000000d5e00000,0x00000000de000000)
  from space 11776K, 0% used [0x00000000de000000,0x00000000de000000,0x00000000deb80000)
  to   space 15872K, 0% used [0x00000000e3980000,0x00000000e3980000,0x00000000e4900000)
 ParOldGen       total 93184K, used 27196K [0x0000000081a00000, 0x0000000087500000, 0x00000000d5e00000)
  object space 93184K, 29% used [0x0000000081a00000,0x000000008348f338,0x0000000087500000)
 Metaspace       used 34526K, capacity 35162K, committed 35496K, reserved 1081344K
  class space    used 4182K, capacity 4406K, committed 4520K, reserved 1048576K
}

